<?xml version="1.0" encoding="UTF-8"?>
<!-- Generated by org.testng.reporters.JUnitReportReporter -->
<testsuite skipped="0" hostname="Sairam" name="com.tekspot.practice.Suite1" tests="1" failures="0" timestamp="2019-09-19T21:41:07 IST" time="0.020" errors="0">
  <testcase name="carLoan" time="0.020" classname="com.tekspot.practice.Suite1"/>
</testsuite> <!-- com.tekspot.practice.Suite1 -->
