<?xml version="1.0" encoding="UTF-8"?>
<!-- Generated by org.testng.reporters.JUnitReportReporter -->
<testsuite skipped="0" hostname="Sairam" name="com.tekspot.practice.Test2" tests="2" failures="0" timestamp="2019-09-19T21:11:59 IST" time="0.042" errors="0">
  <testcase name="primaryResults" time="0.006" classname="com.tekspot.practice.Test2"/>
  <testcase name="openInbox" time="0.036" classname="com.tekspot.practice.Test2"/>
</testsuite> <!-- com.tekspot.practice.Test2 -->
