<?xml version="1.0" encoding="UTF-8"?>
<!-- Generated by org.testng.reporters.JUnitReportReporter -->
<testsuite skipped="0" hostname="Sairam" name="com.nbrown.allexcelsheets.ReadAllCellData" tests="1" failures="0" timestamp="2019-09-18T19:36:53 IST" time="1.893" errors="0">
  <testcase name="readAllCellData" time="1.893" classname="com.nbrown.allexcelsheets.ReadAllCellData"/>
</testsuite> <!-- com.nbrown.allexcelsheets.ReadAllCellData -->
