<?xml version="1.0" encoding="UTF-8"?>
<!-- Generated by org.testng.reporters.JUnitReportReporter -->
<testsuite skipped="0" hostname="Sairam" name="com.nbrown.dataprovider.Test2" tests="5" failures="0" timestamp="2019-09-20T13:11:55 IST" time="0.063" errors="0">
  <testcase name="createFolder" time="0.032" classname="com.nbrown.dataprovider.Test2"/>
  <testcase name="loginToApp" time="0.016" classname="com.nbrown.dataprovider.Test2"/>
  <testcase name="createFolder" time="0.015" classname="com.nbrown.dataprovider.Test2"/>
  <testcase name="loginToApp" time="0.000" classname="com.nbrown.dataprovider.Test2"/>
  <testcase name="loginToApp" time="0.000" classname="com.nbrown.dataprovider.Test2"/>
</testsuite> <!-- com.nbrown.dataprovider.Test2 -->
