<?xml version="1.0" encoding="UTF-8"?>
<!-- Generated by org.testng.reporters.JUnitReportReporter -->
<testsuite skipped="0" hostname="Sairam" name="com.tekspot.webdriver.Test1" tests="3" failures="0" timestamp="2019-09-19T21:25:16 IST" time="0.032" errors="0">
  <testcase name="sampleFolder" time="0.004" classname="com.tekspot.webdriver.Test1"/>
  <testcase name="createFolder" time="0.016" classname="com.tekspot.webdriver.Test1"/>
  <testcase name="regressionTest" time="0.012" classname="com.tekspot.webdriver.Test1"/>
</testsuite> <!-- com.tekspot.webdriver.Test1 -->
