<?xml version="1.0" encoding="UTF-8"?>
<!-- Generated by org.testng.reporters.JUnitReportReporter -->
<testsuite skipped="0" hostname="Sairam" name="com.tekspot.webdriver.ScreenShot3" tests="2" failures="0" timestamp="2019-09-17T13:41:15 IST" time="95.052" errors="0">
  <testcase name="screenShot" time="68.371" classname="com.tekspot.webdriver.ScreenShot3"/>
  <testcase name="faceBookScreenShot" time="26.681" classname="com.tekspot.webdriver.ScreenShot3"/>
</testsuite> <!-- com.tekspot.webdriver.ScreenShot3 -->
