<?xml version="1.0" encoding="UTF-8"?>
<!-- Generated by org.testng.reporters.JUnitReportReporter -->
<testsuite skipped="0" hostname="Sairam" name="com.tekspot.webdriver.Assert1" tests="1" failures="0" timestamp="2019-09-12T19:42:12 IST" time="31.771" errors="0">
  <testcase name="searchProduct" time="31.771" classname="com.tekspot.webdriver.Assert1"/>
</testsuite> <!-- com.tekspot.webdriver.Assert1 -->
