<?xml version="1.0" encoding="UTF-8"?>
<!-- Generated by org.testng.reporters.JUnitReportReporter -->
<testsuite skipped="0" hostname="Sairam" name="com.tekspot.webdriver.ExciseScreeenShot" tests="1" failures="0" timestamp="2019-09-17T13:15:17 IST" time="37.119" errors="0">
  <testcase name="exsiseScreenShot" time="37.119" classname="com.tekspot.webdriver.ExciseScreeenShot"/>
</testsuite> <!-- com.tekspot.webdriver.ExciseScreeenShot -->
