<?xml version="1.0" encoding="UTF-8"?>
<!-- Generated by org.testng.reporters.JUnitReportReporter -->
<testsuite skipped="0" hostname="Sairam" name="com.tekspot.practice.Course1" tests="4" failures="0" timestamp="2019-09-19T22:23:33 IST" time="0.052" errors="0">
  <testcase name="language4" time="0.004" classname="com.tekspot.practice.Course1"/>
  <testcase name="language1" time="0.040" classname="com.tekspot.practice.Course1"/>
  <testcase name="language2" time="0.004" classname="com.tekspot.practice.Course1"/>
  <testcase name="language3" time="0.004" classname="com.tekspot.practice.Course1"/>
</testsuite> <!-- com.tekspot.practice.Course1 -->
