<?xml version="1.0" encoding="UTF-8"?>
<!-- Generated by org.testng.reporters.JUnitReportReporter -->
<testsuite skipped="0" hostname="Sairam" name="com.tekspot.webdriver.Test2" tests="4" failures="0" timestamp="2019-09-10T11:50:06 IST" time="0.048" errors="0">
  <testcase name="switchData" time="0.012" classname="com.tekspot.webdriver.Test2"/>
  <testcase name="fetchData" time="0.016" classname="com.tekspot.webdriver.Test2"/>
  <testcase name="spiltData" time="0.008" classname="com.tekspot.webdriver.Test2"/>
  <testcase name="readMessage" time="0.012" classname="com.tekspot.webdriver.Test2"/>
</testsuite> <!-- com.tekspot.webdriver.Test2 -->
