<?xml version="1.0" encoding="UTF-8"?>
<!-- Generated by org.testng.reporters.JUnitReportReporter -->
<testsuite skipped="0" hostname="Sairam" name="com.tekspot.webdriver.ParallelExecution" tests="2" failures="0" timestamp="2019-09-13T10:50:02 IST" time="140.055" errors="0">
  <testcase name="testCase2" time="98.119" classname="com.tekspot.webdriver.ParallelExecution"/>
  <testcase name="testCase1" time="41.936" classname="com.tekspot.webdriver.ParallelExecution"/>
</testsuite> <!-- com.tekspot.webdriver.ParallelExecution -->
