<?xml version="1.0" encoding="UTF-8"?>
<!-- Generated by org.testng.reporters.JUnitReportReporter -->
<testsuite skipped="0" hostname="Sairam" name="com.tekspot.webdriver.ScreenShot" tests="1" failures="0" timestamp="2019-09-14T10:47:20 IST" time="38.574" errors="0">
  <testcase name="CaptureScreenShot" time="38.574" classname="com.tekspot.webdriver.ScreenShot"/>
</testsuite> <!-- com.tekspot.webdriver.ScreenShot -->
