<?xml version="1.0" encoding="UTF-8"?>
<!-- Generated by org.testng.reporters.JUnitReportReporter -->
<testsuite skipped="0" hostname="Sairam" name="com.tekspot.practice.Course2" tests="3" failures="0" timestamp="2019-09-19T22:23:33 IST" time="0.012" errors="0">
  <testcase name="testing1" time="0.004" classname="com.tekspot.practice.Course2"/>
  <testcase name="testing2" time="0.000" classname="com.tekspot.practice.Course2"/>
  <testcase name="testing3" time="0.008" classname="com.tekspot.practice.Course2"/>
</testsuite> <!-- com.tekspot.practice.Course2 -->
