<?xml version="1.0" encoding="UTF-8"?>
<!-- Generated by org.testng.reporters.JUnitReportReporter -->
<testsuite skipped="0" hostname="Sairam" name="com.nbrown.testscenario.JDW.Run" tests="1" failures="0" timestamp="2019-09-21T11:36:54 IST" time="33.463" errors="0">
  <testcase name="test" time="33.463" classname="com.nbrown.testscenario.JDW.Run"/>
</testsuite> <!-- com.nbrown.testscenario.JDW.Run -->
