<?xml version="1.0" encoding="UTF-8"?>
<!-- Generated by org.testng.reporters.JUnitReportReporter -->
<testsuite skipped="0" hostname="Sairam" name="com.nbrown.allexcelsheets.InsertData" tests="1" failures="0" timestamp="2019-09-18T21:25:11 IST" time="1.860" errors="0">
  <testcase name="insertDtat" time="1.860" classname="com.nbrown.allexcelsheets.InsertData"/>
</testsuite> <!-- com.nbrown.allexcelsheets.InsertData -->
