<?xml version="1.0" encoding="UTF-8"?>
<!-- Generated by org.testng.reporters.JUnitReportReporter -->
<testsuite skipped="0" hostname="Sairam" name="com.tekspot.practice.TestngClass" tests="4" failures="0" timestamp="2019-09-19T21:06:53 IST" time="0.059" errors="0">
  <testcase name="loginToApp" time="0.007" classname="com.tekspot.practice.TestngClass"/>
  <testcase name="shareFolder" time="0.011" classname="com.tekspot.practice.TestngClass"/>
  <testcase name="createFolder" time="0.036" classname="com.tekspot.practice.TestngClass"/>
  <testcase name="renameFolder" time="0.005" classname="com.tekspot.practice.TestngClass"/>
</testsuite> <!-- com.tekspot.practice.TestngClass -->
