<?xml version="1.0" encoding="UTF-8"?>
<!-- Generated by org.testng.reporters.JUnitReportReporter -->
<testsuite skipped="0" hostname="Sairam" name="com.tekspot.webdriver.SheetTest" tests="1" failures="0" timestamp="2019-09-13T11:23:01 IST" time="35.079" errors="0">
  <testcase name="createSheet" time="35.079" classname="com.tekspot.webdriver.SheetTest"/>
</testsuite> <!-- com.tekspot.webdriver.SheetTest -->
