<?xml version="1.0" encoding="UTF-8"?>
<!-- Generated by org.testng.reporters.JUnitReportReporter -->
<testsuite skipped="0" hostname="Sairam" name="com.nbrown.dataprovider.A" tests="3" failures="0" timestamp="2019-09-20T10:55:04 IST" time="0.031" errors="0">
  <testcase name="loginToApp" time="0.031" classname="com.nbrown.dataprovider.A"/>
  <testcase name="loginToApp" time="0.000" classname="com.nbrown.dataprovider.A"/>
  <testcase name="loginToApp" time="0.000" classname="com.nbrown.dataprovider.A"/>
</testsuite> <!-- com.nbrown.dataprovider.A -->
