<?xml version="1.0" encoding="UTF-8"?>
<!-- Generated by org.testng.reporters.JUnitReportReporter -->
<testsuite skipped="0" hostname="Sairam" name="com.tekspot.webdriver.ShareFolder" tests="1" failures="0" timestamp="2019-09-15T21:04:43 IST" time="79.212" errors="0">
  <testcase name="shareFolder" time="79.212" classname="com.tekspot.webdriver.ShareFolder"/>
</testsuite> <!-- com.tekspot.webdriver.ShareFolder -->
