<?xml version="1.0" encoding="UTF-8"?>
<!-- Generated by org.testng.reporters.JUnitReportReporter -->
<testsuite skipped="0" hostname="Sairam" name="com.tekspot.practice.Suite3" tests="1" failures="0" timestamp="2019-09-19T21:41:07 IST" time="0.004" errors="0">
  <testcase name="goldLoan" time="0.004" classname="com.tekspot.practice.Suite3"/>
</testsuite> <!-- com.tekspot.practice.Suite3 -->
